<?xml version="1.0" encoding="UTF-8"?>
<!-- Generated by org.testng.reporters.JUnitReportReporter -->
<testsuite hostname="AbdrahamanesMBP.lan" failures="0" tests="3" name="QAlity.SelenuimFrameworkDesign.SubmitOrderTest" time="30.520" errors="0" timestamp="2024-10-17T20:27:27 EDT" skipped="0">
  <testcase classname="QAlity.SelenuimFrameworkDesign.SubmitOrderTest" name="OrderHistoryTest" time="6.688"/>
  <system-out/>
  <testcase classname="QAlity.SelenuimFrameworkDesign.SubmitOrderTest" name="submitTest" time="11.441"/>
  <system-out/>
  <testcase classname="QAlity.SelenuimFrameworkDesign.SubmitOrderTest" name="submitTest" time="12.391"/>
  <system-out/>
</testsuite> <!-- QAlity.SelenuimFrameworkDesign.SubmitOrderTest -->
