<?xml version="1.0" encoding="UTF-8"?>
<!-- Generated by org.testng.reporters.JUnitReportReporter -->
<testsuite hostname="AbdrahamanesMBP.lan" failures="0" tests="1" name="cucumber.TestNGTestRunner" time="12.378" errors="0" timestamp="2024-10-19T12:22:49 EDT" skipped="0">
  <testcase classname="cucumber.TestNGTestRunner" name="runScenario" time="12.378"/>
  <system-out/>
</testsuite> <!-- cucumber.TestNGTestRunner -->
