<?xml version="1.0" encoding="UTF-8"?>
<!-- Generated by org.testng.reporters.JUnitReportReporter -->
<testsuite hostname="AbdrahamanesMBP.lan" failures="0" tests="1" name="cucumber.TestNGTest" time="11.970" errors="0" timestamp="2024-10-19T12:55:57 EDT" skipped="0">
  <testcase classname="cucumber.TestNGTest" name="runScenario" time="11.970"/>
  <system-out/>
</testsuite> <!-- cucumber.TestNGTest -->
