<?xml version="1.0" encoding="UTF-8"?>
<!-- Generated by org.testng.reporters.JUnitReportReporter -->
<testsuite hostname="AbdrahamanesMBP.lan" failures="0" tests="3" name="QAlity.SelenuimFrameworkDesign.SubmitOrderTest" time="29.479" errors="0" timestamp="2024-10-19T13:57:00 EDT" skipped="0">
  <testcase classname="QAlity.SelenuimFrameworkDesign.SubmitOrderTest" name="OrderHistoryTest" time="5.414"/>
  <system-out/>
  <testcase classname="QAlity.SelenuimFrameworkDesign.SubmitOrderTest" name="submitTest" time="11.770"/>
  <system-out/>
  <testcase classname="QAlity.SelenuimFrameworkDesign.SubmitOrderTest" name="submitTest" time="12.295"/>
  <system-out/>
</testsuite> <!-- QAlity.SelenuimFrameworkDesign.SubmitOrderTest -->
